
**** Build of configuration Nios II for project TiltMazeController ****

make all 
Info: Building ../TiltMazeController_bsp/
make --no-print-directory -C ../TiltMazeController_bsp/
[BSP build complete]
Info: Compiling alt_error_handler.c to obj/default/alt_error_handler.o
nios2-elf-gcc -xc -MP -MMD -c -I../TiltMazeController_bsp//iniche/inc -I../TiltMazeController_bsp//iniche/src/h -I../TiltMazeController_bsp//iniche/src/h/nios2 -I../TiltMazeController_bsp//iniche/src/nios2 -I../TiltMazeController_bsp//UCOSII/inc -I../TiltMazeController_bsp//HAL/inc -I../TiltMazeController_bsp/ -I../TiltMazeController_bsp//drivers/inc  -DSYSTEM_BUS_WIDTH=32 -pipe -D__hal__ -DALT_NO_INSTRUCTION_EMULATION -DALT_INICHE -D__ucosii__    -O0 -g -Wall   -EL -mno-hw-div -mhw-mul -mno-hw-mulx  -o obj/default/alt_error_handler.o alt_error_handler.c
led.c: In function 'LED7SegLightshowTask':
Info: Compiling iniche_init.c to obj/default/iniche_init.o
led.c:97: warning: unused variable 'led_7_seg_val'
nios2-elf-gcc -xc -MP -MMD -c -I../TiltMazeController_bsp//iniche/inc -I../TiltMazeController_bsp//iniche/src/h -I../TiltMazeController_bsp//iniche/src/h/nios2 -I../TiltMazeController_bsp//iniche/src/nios2 -I../TiltMazeController_bsp//UCOSII/inc -I../TiltMazeController_bsp//HAL/inc -I../TiltMazeController_bsp/ -I../TiltMazeController_bsp//drivers/inc  -DSYSTEM_BUS_WIDTH=32 -pipe -D__hal__ -DALT_NO_INSTRUCTION_EMULATION -DALT_INICHE -D__ucosii__    -O0 -g -Wall   -EL -mno-hw-div -mhw-mul -mno-hw-mulx  -o obj/default/iniche_init.o iniche_init.c
network_utilities.c: In function 'generate_and_store_mac_addr':
Info: Compiling led.c to obj/default/led.o
network_utilities.c:239: error: 'EXT_FLASH_NAME' undeclared (first use in this function)
nios2-elf-gcc -xc -MP -MMD -c -I../TiltMazeController_bsp//iniche/inc -I../TiltMazeController_bsp//iniche/src/h -I../TiltMazeController_bsp//iniche/src/h/nios2 -I../TiltMazeController_bsp//iniche/src/nios2 -I../TiltMazeController_bsp//UCOSII/inc -I../TiltMazeController_bsp//HAL/inc -I../TiltMazeController_bsp/ -I../TiltMazeController_bsp//drivers/inc  -DSYSTEM_BUS_WIDTH=32 -pipe -D__hal__ -DALT_NO_INSTRUCTION_EMULATION -DALT_INICHE -D__ucosii__    -O0 -g -Wall   -EL -mno-hw-div -mhw-mul -mno-hw-mulx  -o obj/default/led.o led.c
network_utilities.c:239: error: (Each undeclared identifier is reported only once
Info: Compiling network_utilities.c to obj/default/network_utilities.o
network_utilities.c:239: error: for each function it appears in.)
nios2-elf-gcc -xc -MP -MMD -c -I../TiltMazeController_bsp//iniche/inc -I../TiltMazeController_bsp//iniche/src/h -I../TiltMazeController_bsp//iniche/src/h/nios2 -I../TiltMazeController_bsp//iniche/src/nios2 -I../TiltMazeController_bsp//UCOSII/inc -I../TiltMazeController_bsp//HAL/inc -I../TiltMazeController_bsp/ -I../TiltMazeController_bsp//drivers/inc  -DSYSTEM_BUS_WIDTH=32 -pipe -D__hal__ -DALT_NO_INSTRUCTION_EMULATION -DALT_INICHE -D__ucosii__    -O0 -g -Wall   -EL -mno-hw-div -mhw-mul -mno-hw-mulx  -o obj/default/network_utilities.o network_utilities.c
network_utilities.c: In function 'get_board_mac_addr':
network_utilities.c:316: error: 'EXT_FLASH_BASE' undeclared (first use in this function)
network_utilities.c: In function 'FindLastFlashSectorOffset':
network_utilities.c:385: error: 'EXT_FLASH_NAME' undeclared (first use in this function)
make: *** [obj/default/network_utilities.o] Error 1

**** Build Finished ****
